<?xml version="1.0" encoding="UTF-8"?>
<coverage generated="1548414584612" clover="3.2.0">
  <project timestamp="1548414584612" name="All files">
    <metrics statements="151" coveredstatements="67" conditionals="51" coveredconditionals="9" methods="55" coveredmethods="26" elements="257" coveredelements="102" complexity="0" loc="151" ncloc="151" packages="9" files="27" classes="27">
      <package name="src">
        <metrics statements="72" coveredstatements="0" conditionals="42" coveredconditionals="0" methods="24" coveredmethods="0"/>
        <file name="App.jsx" path="/home/jvillalta/Workspace/Projects/trash/my-fav-music-react/src/App.jsx">
          <metrics statements="14" coveredstatements="0" conditionals="0" coveredconditionals="0" methods="1" coveredmethods="0"/>
          <line num="1" count="0" type="stmt"/>
          <line num="2" count="0" type="stmt"/>
          <line num="3" count="0" type="stmt"/>
          <line num="4" count="0" type="stmt"/>
          <line num="6" count="0" type="stmt"/>
          <line num="7" count="0" type="stmt"/>
          <line num="8" count="0" type="stmt"/>
          <line num="9" count="0" type="stmt"/>
          <line num="10" count="0" type="stmt"/>
          <line num="14" count="0" type="stmt"/>
          <line num="20" count="0" type="stmt"/>
          <line num="33" count="0" type="stmt"/>
          <line num="43" count="0" type="stmt"/>
          <line num="47" count="0" type="stmt"/>
        </file>
        <file name="createServiceWorker.js" path="/home/jvillalta/Workspace/Projects/trash/my-fav-music-react/src/createServiceWorker.js">
          <metrics statements="15" coveredstatements="0" conditionals="10" coveredconditionals="0" methods="8" coveredmethods="0"/>
          <line num="12" count="0" type="cond" truecount="0" falsecount="4"/>
          <line num="13" count="0" type="stmt"/>
          <line num="14" count="0" type="stmt"/>
          <line num="15" count="0" type="stmt"/>
          <line num="19" count="0" type="stmt"/>
          <line num="20" count="0" type="stmt"/>
          <line num="21" count="0" type="stmt"/>
          <line num="22" count="0" type="cond" truecount="0" falsecount="2"/>
          <line num="23" count="0" type="cond" truecount="0" falsecount="2"/>
          <line num="28" count="0" type="stmt"/>
          <line num="33" count="0" type="stmt"/>
          <line num="40" count="0" type="stmt"/>
          <line num="47" count="0" type="cond" truecount="0" falsecount="2"/>
          <line num="48" count="0" type="stmt"/>
          <line num="49" count="0" type="stmt"/>
        </file>
        <file name="index.js" path="/home/jvillalta/Workspace/Projects/trash/my-fav-music-react/src/index.js">
          <metrics statements="5" coveredstatements="0" conditionals="0" coveredconditionals="0" methods="0" coveredmethods="0"/>
          <line num="1" count="0" type="stmt"/>
          <line num="2" count="0" type="stmt"/>
          <line num="4" count="0" type="stmt"/>
          <line num="5" count="0" type="stmt"/>
          <line num="12" count="0" type="stmt"/>
        </file>
        <file name="serviceWorker.js" path="/home/jvillalta/Workspace/Projects/trash/my-fav-music-react/src/serviceWorker.js">
          <metrics statements="38" coveredstatements="0" conditionals="32" coveredconditionals="0" methods="15" coveredmethods="0"/>
          <line num="13" count="0" type="stmt"/>
          <line num="24" count="0" type="cond" truecount="0" falsecount="4"/>
          <line num="26" count="0" type="stmt"/>
          <line num="27" count="0" type="cond" truecount="0" falsecount="2"/>
          <line num="31" count="0" type="stmt"/>
          <line num="34" count="0" type="stmt"/>
          <line num="35" count="0" type="stmt"/>
          <line num="37" count="0" type="cond" truecount="0" falsecount="2"/>
          <line num="39" count="0" type="stmt"/>
          <line num="43" count="0" type="stmt"/>
          <line num="44" count="0" type="stmt"/>
          <line num="51" count="0" type="stmt"/>
          <line num="58" count="0" type="stmt"/>
          <line num="61" count="0" type="stmt"/>
          <line num="62" count="0" type="stmt"/>
          <line num="63" count="0" type="cond" truecount="0" falsecount="2"/>
          <line num="64" count="0" type="stmt"/>
          <line num="66" count="0" type="stmt"/>
          <line num="67" count="0" type="cond" truecount="0" falsecount="2"/>
          <line num="68" count="0" type="cond" truecount="0" falsecount="2"/>
          <line num="72" count="0" type="stmt"/>
          <line num="78" count="0" type="cond" truecount="0" falsecount="4"/>
          <line num="79" count="0" type="stmt"/>
          <line num="85" count="0" type="stmt"/>
          <line num="88" count="0" type="cond" truecount="0" falsecount="4"/>
          <line num="89" count="0" type="stmt"/>
          <line num="97" count="0" type="stmt"/>
          <line num="103" count="0" type="stmt"/>
          <line num="106" count="0" type="stmt"/>
          <line num="107" count="0" type="cond" truecount="0" falsecount="2"/>
          <line num="112" count="0" type="stmt"/>
          <line num="113" count="0" type="stmt"/>
          <line num="114" count="0" type="stmt"/>
          <line num="119" count="0" type="stmt"/>
          <line num="123" count="0" type="stmt"/>
          <line num="130" count="0" type="cond" truecount="0" falsecount="2"/>
          <line num="131" count="0" type="stmt"/>
          <line num="132" count="0" type="stmt"/>
        </file>
      </package>
      <package name="src.blocks.AlbumBar">
        <metrics statements="2" coveredstatements="2" conditionals="0" coveredconditionals="0" methods="1" coveredmethods="1"/>
        <file name="index.jsx" path="/home/jvillalta/Workspace/Projects/trash/my-fav-music-react/src/blocks/AlbumBar/index.jsx">
          <metrics statements="2" coveredstatements="2" conditionals="0" coveredconditionals="0" methods="1" coveredmethods="1"/>
          <line num="7" count="1" type="stmt"/>
          <line num="8" count="1" type="stmt"/>
        </file>
      </package>
      <package name="src.blocks.AlbumCard">
        <metrics statements="16" coveredstatements="16" conditionals="0" coveredconditionals="0" methods="3" coveredmethods="3"/>
        <file name="Actions.jsx" path="/home/jvillalta/Workspace/Projects/trash/my-fav-music-react/src/blocks/AlbumCard/Actions.jsx">
          <metrics statements="2" coveredstatements="2" conditionals="0" coveredconditionals="0" methods="1" coveredmethods="1"/>
          <line num="6" count="3" type="stmt"/>
          <line num="7" count="3" type="stmt"/>
        </file>
        <file name="Content.jsx" path="/home/jvillalta/Workspace/Projects/trash/my-fav-music-react/src/blocks/AlbumCard/Content.jsx">
          <metrics statements="1" coveredstatements="1" conditionals="0" coveredconditionals="0" methods="0" coveredmethods="0"/>
          <line num="4" count="3" type="stmt"/>
        </file>
        <file name="Details.jsx" path="/home/jvillalta/Workspace/Projects/trash/my-fav-music-react/src/blocks/AlbumCard/Details.jsx">
          <metrics statements="1" coveredstatements="1" conditionals="0" coveredconditionals="0" methods="0" coveredmethods="0"/>
          <line num="3" count="3" type="stmt"/>
        </file>
        <file name="Media.jsx" path="/home/jvillalta/Workspace/Projects/trash/my-fav-music-react/src/blocks/AlbumCard/Media.jsx">
          <metrics statements="1" coveredstatements="1" conditionals="0" coveredconditionals="0" methods="0" coveredmethods="0"/>
          <line num="4" count="3" type="stmt"/>
        </file>
        <file name="Subtitle.jsx" path="/home/jvillalta/Workspace/Projects/trash/my-fav-music-react/src/blocks/AlbumCard/Subtitle.jsx">
          <metrics statements="2" coveredstatements="2" conditionals="0" coveredconditionals="0" methods="1" coveredmethods="1"/>
          <line num="6" count="3" type="stmt"/>
          <line num="7" count="3" type="stmt"/>
        </file>
        <file name="Title.jsx" path="/home/jvillalta/Workspace/Projects/trash/my-fav-music-react/src/blocks/AlbumCard/Title.jsx">
          <metrics statements="2" coveredstatements="2" conditionals="0" coveredconditionals="0" methods="1" coveredmethods="1"/>
          <line num="6" count="3" type="stmt"/>
          <line num="7" count="3" type="stmt"/>
        </file>
        <file name="index.jsx" path="/home/jvillalta/Workspace/Projects/trash/my-fav-music-react/src/blocks/AlbumCard/index.jsx">
          <metrics statements="7" coveredstatements="7" conditionals="0" coveredconditionals="0" methods="0" coveredmethods="0"/>
          <line num="11" count="3" type="stmt"/>
          <line num="18" count="3" type="stmt"/>
          <line num="19" count="3" type="stmt"/>
          <line num="20" count="3" type="stmt"/>
          <line num="21" count="3" type="stmt"/>
          <line num="22" count="3" type="stmt"/>
          <line num="23" count="3" type="stmt"/>
        </file>
      </package>
      <package name="src.blocks.AlbumForm">
        <metrics statements="15" coveredstatements="15" conditionals="2" coveredconditionals="2" methods="4" coveredmethods="4"/>
        <file name="AddButton.jsx" path="/home/jvillalta/Workspace/Projects/trash/my-fav-music-react/src/blocks/AlbumForm/AddButton.jsx">
          <metrics statements="2" coveredstatements="2" conditionals="2" coveredconditionals="2" methods="1" coveredmethods="1"/>
          <line num="6" count="3" type="stmt"/>
          <line num="7" count="9" type="stmt"/>
        </file>
        <file name="AlbumInput.jsx" path="/home/jvillalta/Workspace/Projects/trash/my-fav-music-react/src/blocks/AlbumForm/AlbumInput.jsx">
          <metrics statements="2" coveredstatements="2" conditionals="0" coveredconditionals="0" methods="1" coveredmethods="1"/>
          <line num="6" count="3" type="stmt"/>
          <line num="7" count="9" type="stmt"/>
        </file>
        <file name="ArtistInput.jsx" path="/home/jvillalta/Workspace/Projects/trash/my-fav-music-react/src/blocks/AlbumForm/ArtistInput.jsx">
          <metrics statements="2" coveredstatements="2" conditionals="0" coveredconditionals="0" methods="1" coveredmethods="1"/>
          <line num="6" count="3" type="stmt"/>
          <line num="7" count="9" type="stmt"/>
        </file>
        <file name="Content.jsx" path="/home/jvillalta/Workspace/Projects/trash/my-fav-music-react/src/blocks/AlbumForm/Content.jsx">
          <metrics statements="1" coveredstatements="1" conditionals="0" coveredconditionals="0" methods="0" coveredmethods="0"/>
          <line num="3" count="3" type="stmt"/>
        </file>
        <file name="TextInput.jsx" path="/home/jvillalta/Workspace/Projects/trash/my-fav-music-react/src/blocks/AlbumForm/TextInput.jsx">
          <metrics statements="2" coveredstatements="2" conditionals="0" coveredconditionals="0" methods="1" coveredmethods="1"/>
          <line num="5" count="3" type="stmt"/>
          <line num="6" count="19" type="stmt"/>
        </file>
        <file name="index.jsx" path="/home/jvillalta/Workspace/Projects/trash/my-fav-music-react/src/blocks/AlbumForm/index.jsx">
          <metrics statements="6" coveredstatements="6" conditionals="0" coveredconditionals="0" methods="0" coveredmethods="0"/>
          <line num="9" count="3" type="stmt"/>
          <line num="11" count="3" type="stmt"/>
          <line num="12" count="3" type="stmt"/>
          <line num="13" count="3" type="stmt"/>
          <line num="14" count="3" type="stmt"/>
          <line num="15" count="3" type="stmt"/>
        </file>
      </package>
      <package name="src.blocks.AlbumList">
        <metrics statements="1" coveredstatements="1" conditionals="0" coveredconditionals="0" methods="0" coveredmethods="0"/>
        <file name="index.jsx" path="/home/jvillalta/Workspace/Projects/trash/my-fav-music-react/src/blocks/AlbumList/index.jsx">
          <metrics statements="1" coveredstatements="1" conditionals="0" coveredconditionals="0" methods="0" coveredmethods="0"/>
          <line num="3" count="2" type="stmt"/>
        </file>
      </package>
      <package name="src.components">
        <metrics statements="10" coveredstatements="10" conditionals="2" coveredconditionals="2" methods="5" coveredmethods="5"/>
        <file name="AlbumBuilder.jsx" path="/home/jvillalta/Workspace/Projects/trash/my-fav-music-react/src/components/AlbumBuilder.jsx">
          <metrics statements="8" coveredstatements="8" conditionals="0" coveredconditionals="0" methods="4" coveredmethods="4"/>
          <line num="8" count="5" type="stmt"/>
          <line num="10" count="5" type="stmt"/>
          <line num="15" count="5" type="stmt"/>
          <line num="16" count="5" type="stmt"/>
          <line num="20" count="4" type="stmt"/>
          <line num="24" count="1" type="stmt"/>
          <line num="25" count="1" type="stmt"/>
          <line num="29" count="9" type="stmt"/>
        </file>
        <file name="AlbumView.jsx" path="/home/jvillalta/Workspace/Projects/trash/my-fav-music-react/src/components/AlbumView.jsx">
          <metrics statements="2" coveredstatements="2" conditionals="2" coveredconditionals="2" methods="1" coveredmethods="1"/>
          <line num="9" count="7" type="cond" truecount="2" falsecount="0"/>
          <line num="12" count="7" type="stmt"/>
        </file>
      </package>
      <package name="src.containers">
        <metrics statements="17" coveredstatements="6" conditionals="0" coveredconditionals="0" methods="8" coveredmethods="5"/>
        <file name="AlbumCreator.jsx" path="/home/jvillalta/Workspace/Projects/trash/my-fav-music-react/src/containers/AlbumCreator.jsx">
          <metrics statements="4" coveredstatements="4" conditionals="0" coveredconditionals="0" methods="3" coveredmethods="3"/>
          <line num="8" count="2" type="stmt"/>
          <line num="10" count="2" type="stmt"/>
          <line num="14" count="1" type="stmt"/>
          <line num="18" count="2" type="stmt"/>
        </file>
        <file name="AlbumGroup.jsx" path="/home/jvillalta/Workspace/Projects/trash/my-fav-music-react/src/containers/AlbumGroup.jsx">
          <metrics statements="2" coveredstatements="2" conditionals="0" coveredconditionals="0" methods="2" coveredmethods="2"/>
          <line num="9" count="5" type="stmt"/>
          <line num="12" count="3" type="stmt"/>
        </file>
        <file name="AlbumOrder.jsx" path="/home/jvillalta/Workspace/Projects/trash/my-fav-music-react/src/containers/AlbumOrder.jsx">
          <metrics statements="11" coveredstatements="0" conditionals="0" coveredconditionals="0" methods="3" coveredmethods="0"/>
          <line num="1" count="0" type="stmt"/>
          <line num="2" count="0" type="stmt"/>
          <line num="3" count="0" type="stmt"/>
          <line num="4" count="0" type="stmt"/>
          <line num="6" count="0" type="stmt"/>
          <line num="8" count="0" type="stmt"/>
          <line num="23" count="0" type="stmt"/>
          <line num="24" count="0" type="stmt"/>
          <line num="28" count="0" type="stmt"/>
          <line num="32" count="0" type="stmt"/>
          <line num="34" count="0" type="stmt"/>
        </file>
      </package>
      <package name="src.models">
        <metrics statements="6" coveredstatements="6" conditionals="1" coveredconditionals="1" methods="2" coveredmethods="2"/>
        <file name="AlbumModel.js" path="/home/jvillalta/Workspace/Projects/trash/my-fav-music-react/src/models/AlbumModel.js">
          <metrics statements="5" coveredstatements="5" conditionals="1" coveredconditionals="1" methods="2" coveredmethods="2"/>
          <line num="3" count="14" type="stmt"/>
          <line num="4" count="14" type="stmt"/>
          <line num="5" count="14" type="stmt"/>
          <line num="6" count="14" type="stmt"/>
          <line num="11" count="14" type="stmt"/>
        </file>
        <file name="AlbumOrderModel.js" path="/home/jvillalta/Workspace/Projects/trash/my-fav-music-react/src/models/AlbumOrderModel.js">
          <metrics statements="1" coveredstatements="1" conditionals="0" coveredconditionals="0" methods="0" coveredmethods="0"/>
          <line num="1" count="3" type="stmt"/>
        </file>
      </package>
      <package name="src.stores">
        <metrics statements="12" coveredstatements="11" conditionals="4" coveredconditionals="4" methods="8" coveredmethods="6"/>
        <file name="AlbumStore.js" path="/home/jvillalta/Workspace/Projects/trash/my-fav-music-react/src/stores/AlbumStore.js">
          <metrics statements="12" coveredstatements="11" conditionals="4" coveredconditionals="4" methods="8" coveredmethods="6"/>
          <line num="10" count="5" type="stmt"/>
          <line num="11" count="2" type="stmt"/>
          <line num="13" count="2" type="cond" truecount="2" falsecount="0"/>
          <line num="14" count="1" type="stmt"/>
          <line num="17" count="1" type="stmt"/>
          <line num="22" count="10" type="stmt"/>
          <line num="26" count="2" type="stmt"/>
          <line num="27" count="2" type="cond" truecount="2" falsecount="0"/>
          <line num="28" count="1" type="stmt"/>
          <line num="33" count="1" type="stmt"/>
          <line num="38" count="0" type="stmt"/>
          <line num="42" count="3" type="stmt"/>
        </file>
      </package>
    </metrics>
  </project>
</coverage>
