{"/home/jvillalta/Workspace/Projects/trash/my-fav-music-react/src/App.jsx": {"path":"/home/jvillalta/Workspace/Projects/trash/my-fav-music-react/src/App.jsx","statementMap":{"0":{"start":{"line":1,"column":0},"end":{"line":null,"column":-1}},"1":{"start":{"line":2,"column":0},"end":{"line":null,"column":-1}},"2":{"start":{"line":3,"column":0},"end":{"line":null,"column":-1}},"3":{"start":{"line":4,"column":0},"end":{"line":null,"column":-1}},"4":{"start":{"line":6,"column":0},"end":{"line":null,"column":-1}},"5":{"start":{"line":7,"column":0},"end":{"line":null,"column":-1}},"6":{"start":{"line":8,"column":0},"end":{"line":null,"column":-1}},"7":{"start":{"line":9,"column":0},"end":{"line":null,"column":-1}},"8":{"start":{"line":10,"column":0},"end":{"line":null,"column":-1}},"9":{"start":{"line":14,"column":14},"end":{"line":14,"column":0}},"10":{"start":{"line":20,"column":20},"end":{"line":20,"column":0}},"11":{"start":{"line":33,"column":25},"end":{"line":33,"column":0}},"12":{"start":{"line":43,"column":15},"end":{"line":43,"column":0}},"13":{"start":{"line":47,"column":4},"end":{"line":null,"column":-1}}},"fnMap":{"0":{"name":"(anonymous_0)","decl":{"start":{"line":46,"column":2},"end":{"line":46,"column":7}},"loc":{"start":{"line":46,"column":11},"end":{"line":62,"column":3}}}},"branchMap":{},"s":{"0":0,"1":0,"2":0,"3":0,"4":0,"5":0,"6":0,"7":0,"8":0,"9":0,"10":0,"11":0,"12":0,"13":0},"f":{"0":0},"b":{}}
,"/home/jvillalta/Workspace/Projects/trash/my-fav-music-react/src/createServiceWorker.js": {"path":"/home/jvillalta/Workspace/Projects/trash/my-fav-music-react/src/createServiceWorker.js","statementMap":{"0":{"start":{"line":12,"column":2},"end":{"line":43,"column":3}},"1":{"start":{"line":13,"column":4},"end":{"line":null,"column":-1}},"2":{"start":{"line":14,"column":21},"end":{"line":14,"column":6}},"3":{"start":{"line":15,"column":6},"end":{"line":null,"column":-1}},"4":{"start":{"line":19,"column":10},"end":{"line":null,"column":-1}},"5":{"start":{"line":20,"column":37},"end":{"line":20,"column":12}},"6":{"start":{"line":21,"column":12},"end":{"line":null,"column":-1}},"7":{"start":{"line":22,"column":14},"end":{"line":35,"column":15}},"8":{"start":{"line":23,"column":16},"end":{"line":34,"column":17}},"9":{"start":{"line":28,"column":18},"end":{"line":23,"column":56}},"10":{"start":{"line":33,"column":18},"end":{"line":29,"column":23}},"11":{"start":{"line":40,"column":10},"end":{"line":null,"column":-1}},"12":{"start":{"line":47,"column":2},"end":{"line":51,"column":3}},"13":{"start":{"line":48,"column":4},"end":{"line":null,"column":-1}},"14":{"start":{"line":49,"column":6},"end":{"line":null,"column":-1}}},"fnMap":{"0":{"name":"register","decl":{"start":{"line":11,"column":24},"end":{"line":11,"column":15}},"loc":{"start":{"line":11,"column":35},"end":{"line":44,"column":1}}},"1":{"name":"(anonymous_1)","decl":{"start":{"line":13,"column":36},"end":{"line":13,"column":41}},"loc":{"start":{"line":13,"column":42},"end":{"line":13,"column":4}}},"2":{"name":"(anonymous_2)","decl":{"start":{"line":17,"column":14},"end":{"line":17,"column":25}},"loc":{"start":{"line":17,"column":30},"end":{"line":15,"column":6}}},"3":{"name":"(anonymous_3)","decl":{"start":{"line":19,"column":39},"end":{"line":19,"column":44}},"loc":{"start":{"line":19,"column":45},"end":{"line":19,"column":10}}},"4":{"name":"(anonymous_4)","decl":{"start":{"line":21,"column":45},"end":{"line":21,"column":50}},"loc":{"start":{"line":21,"column":51},"end":{"line":21,"column":12}}},"5":{"name":"(anonymous_5)","decl":{"start":{"line":39,"column":15},"end":{"line":39,"column":19}},"loc":{"start":{"line":39,"column":24},"end":{"line":15,"column":6}}},"6":{"name":"unregister","decl":{"start":{"line":46,"column":16},"end":{"line":46,"column":7}},"loc":{"start":{"line":46,"column":29},"end":{"line":52,"column":1}}},"7":{"name":"(anonymous_7)","decl":{"start":{"line":48,"column":39},"end":{"line":48,"column":50}},"loc":{"start":{"line":48,"column":55},"end":{"line":48,"column":4}}}},"branchMap":{"0":{"loc":{"start":{"line":12,"column":2},"end":{"line":43,"column":3}},"type":"if","locations":[{"start":{"line":12,"column":2},"end":{"line":43,"column":3}},{"start":{"line":12,"column":2},"end":{"line":43,"column":3}}]},"1":{"loc":{"start":{"line":12,"column":6},"end":{"line":12,"column":5}},"type":"binary-expr","locations":[{"start":{"line":12,"column":6},"end":{"line":12,"column":5}},{"start":{"line":12,"column":47},"end":{"line":12,"column":2}}]},"2":{"loc":{"start":{"line":22,"column":14},"end":{"line":35,"column":15}},"type":"if","locations":[{"start":{"line":22,"column":14},"end":{"line":35,"column":15}},{"start":{"line":22,"column":14},"end":{"line":35,"column":15}}]},"3":{"loc":{"start":{"line":23,"column":16},"end":{"line":34,"column":17}},"type":"if","locations":[{"start":{"line":23,"column":16},"end":{"line":34,"column":17}},{"start":{"line":23,"column":16},"end":{"line":34,"column":17}}]},"4":{"loc":{"start":{"line":47,"column":2},"end":{"line":51,"column":3}},"type":"if","locations":[{"start":{"line":47,"column":2},"end":{"line":51,"column":3}},{"start":{"line":47,"column":2},"end":{"line":51,"column":3}}]}},"s":{"0":0,"1":0,"2":0,"3":0,"4":0,"5":0,"6":0,"7":0,"8":0,"9":0,"10":0,"11":0,"12":0,"13":0,"14":0},"f":{"0":0,"1":0,"2":0,"3":0,"4":0,"5":0,"6":0,"7":0},"b":{"0":[0,0],"1":[0,0],"2":[0,0],"3":[0,0],"4":[0,0]}}
,"/home/jvillalta/Workspace/Projects/trash/my-fav-music-react/src/index.js": {"path":"/home/jvillalta/Workspace/Projects/trash/my-fav-music-react/src/index.js","statementMap":{"0":{"start":{"line":1,"column":0},"end":{"line":null,"column":-1}},"1":{"start":{"line":2,"column":0},"end":{"line":null,"column":-1}},"2":{"start":{"line":4,"column":0},"end":{"line":null,"column":-1}},"3":{"start":{"line":5,"column":0},"end":{"line":null,"column":-1}},"4":{"start":{"line":12,"column":0},"end":{"line":null,"column":-1}}},"fnMap":{},"branchMap":{},"s":{"0":0,"1":0,"2":0,"3":0,"4":0},"f":{},"b":{}}
,"/home/jvillalta/Workspace/Projects/trash/my-fav-music-react/src/serviceWorker.js": {"path":"/home/jvillalta/Workspace/Projects/trash/my-fav-music-react/src/serviceWorker.js","statementMap":{"0":{"start":{"line":13,"column":20},"end":{"line":13,"column":0}},"1":{"start":{"line":24,"column":2},"end":{"line":54,"column":3}},"2":{"start":{"line":26,"column":22},"end":{"line":26,"column":4}},"3":{"start":{"line":27,"column":4},"end":{"line":32,"column":5}},"4":{"start":{"line":31,"column":6},"end":{"line":null,"column":-1}},"5":{"start":{"line":34,"column":4},"end":{"line":null,"column":-1}},"6":{"start":{"line":35,"column":21},"end":{"line":35,"column":6}},"7":{"start":{"line":37,"column":6},"end":{"line":52,"column":7}},"8":{"start":{"line":39,"column":8},"end":{"line":37,"column":23}},"9":{"start":{"line":43,"column":8},"end":{"line":null,"column":-1}},"10":{"start":{"line":44,"column":10},"end":{"line":null,"column":-1}},"11":{"start":{"line":51,"column":8},"end":{"line":null,"column":-1}},"12":{"start":{"line":58,"column":2},"end":{"line":null,"column":-1}},"13":{"start":{"line":61,"column":6},"end":{"line":null,"column":-1}},"14":{"start":{"line":62,"column":33},"end":{"line":62,"column":8}},"15":{"start":{"line":63,"column":8},"end":{"line":65,"column":9}},"16":{"start":{"line":64,"column":10},"end":{"line":null,"column":-1}},"17":{"start":{"line":66,"column":8},"end":{"line":null,"column":-1}},"18":{"start":{"line":67,"column":10},"end":{"line":92,"column":11}},"19":{"start":{"line":68,"column":12},"end":{"line":91,"column":13}},"20":{"start":{"line":72,"column":14},"end":{"line":68,"column":52}},"21":{"start":{"line":78,"column":14},"end":{"line":80,"column":15}},"22":{"start":{"line":79,"column":16},"end":{"line":null,"column":-1}},"23":{"start":{"line":85,"column":14},"end":{"line":81,"column":19}},"24":{"start":{"line":88,"column":14},"end":{"line":90,"column":15}},"25":{"start":{"line":89,"column":16},"end":{"line":null,"column":-1}},"26":{"start":{"line":97,"column":6},"end":{"line":null,"column":-1}},"27":{"start":{"line":103,"column":2},"end":{"line":null,"column":-1}},"28":{"start":{"line":106,"column":26},"end":{"line":106,"column":6}},"29":{"start":{"line":107,"column":6},"end":{"line":120,"column":7}},"30":{"start":{"line":112,"column":8},"end":{"line":null,"column":-1}},"31":{"start":{"line":113,"column":10},"end":{"line":null,"column":-1}},"32":{"start":{"line":114,"column":12},"end":{"line":null,"column":-1}},"33":{"start":{"line":119,"column":8},"end":{"line":null,"column":-1}},"34":{"start":{"line":123,"column":6},"end":{"line":null,"column":-1}},"35":{"start":{"line":130,"column":2},"end":{"line":134,"column":3}},"36":{"start":{"line":131,"column":4},"end":{"line":null,"column":-1}},"37":{"start":{"line":132,"column":6},"end":{"line":null,"column":-1}}},"fnMap":{"0":{"name":"register","decl":{"start":{"line":23,"column":16},"end":{"line":23,"column":7}},"loc":{"start":{"line":23,"column":33},"end":{"line":55,"column":1}}},"1":{"name":"(anonymous_1)","decl":{"start":{"line":34,"column":36},"end":{"line":34,"column":41}},"loc":{"start":{"line":34,"column":42},"end":{"line":34,"column":4}}},"2":{"name":"(anonymous_2)","decl":{"start":{"line":43,"column":43},"end":{"line":43,"column":48}},"loc":{"start":{"line":43,"column":49},"end":{"line":43,"column":8}}},"3":{"name":"registerValidSW","decl":{"start":{"line":57,"column":9},"end":{"line":57,"column":0}},"loc":{"start":{"line":57,"column":40},"end":{"line":99,"column":1}}},"4":{"name":"(anonymous_4)","decl":{"start":{"line":60,"column":11},"end":{"line":60,"column":9}},"loc":{"start":{"line":60,"column":28},"end":{"line":58,"column":2}}},"5":{"name":"(anonymous_5)","decl":{"start":{"line":61,"column":35},"end":{"line":61,"column":40}},"loc":{"start":{"line":61,"column":41},"end":{"line":61,"column":6}}},"6":{"name":"(anonymous_6)","decl":{"start":{"line":66,"column":41},"end":{"line":66,"column":46}},"loc":{"start":{"line":66,"column":47},"end":{"line":66,"column":8}}},"7":{"name":"(anonymous_7)","decl":{"start":{"line":96,"column":12},"end":{"line":96,"column":10}},"loc":{"start":{"line":96,"column":22},"end":{"line":58,"column":2}}},"8":{"name":"checkValidServiceWorker","decl":{"start":{"line":101,"column":9},"end":{"line":101,"column":0}},"loc":{"start":{"line":101,"column":48},"end":{"line":127,"column":1}}},"9":{"name":"(anonymous_9)","decl":{"start":{"line":104,"column":11},"end":{"line":104,"column":9}},"loc":{"start":{"line":104,"column":24},"end":{"line":103,"column":2}}},"10":{"name":"(anonymous_10)","decl":{"start":{"line":112,"column":44},"end":{"line":112,"column":42}},"loc":{"start":{"line":112,"column":61},"end":{"line":112,"column":8}}},"11":{"name":"(anonymous_11)","decl":{"start":{"line":113,"column":41},"end":{"line":113,"column":46}},"loc":{"start":{"line":113,"column":47},"end":{"line":113,"column":10}}},"12":{"name":"(anonymous_12)","decl":{"start":{"line":122,"column":11},"end":{"line":122,"column":16}},"loc":{"start":{"line":122,"column":17},"end":{"line":103,"column":2}}},"13":{"name":"unregister","decl":{"start":{"line":129,"column":16},"end":{"line":129,"column":7}},"loc":{"start":{"line":129,"column":29},"end":{"line":135,"column":1}}},"14":{"name":"(anonymous_14)","decl":{"start":{"line":131,"column":40},"end":{"line":131,"column":38}},"loc":{"start":{"line":131,"column":57},"end":{"line":131,"column":4}}}},"branchMap":{"0":{"loc":{"start":{"line":14,"column":2},"end":{"line":14,"column":1}},"type":"binary-expr","locations":[{"start":{"line":14,"column":2},"end":{"line":14,"column":1}},{"start":{"line":16,"column":4},"end":{"line":14,"column":2}},{"start":{"line":18,"column":4},"end":{"line":13,"column":27}}]},"1":{"loc":{"start":{"line":24,"column":2},"end":{"line":54,"column":3}},"type":"if","locations":[{"start":{"line":24,"column":2},"end":{"line":54,"column":3}},{"start":{"line":24,"column":2},"end":{"line":54,"column":3}}]},"2":{"loc":{"start":{"line":24,"column":6},"end":{"line":24,"column":5}},"type":"binary-expr","locations":[{"start":{"line":24,"column":6},"end":{"line":24,"column":5}},{"start":{"line":24,"column":47},"end":{"line":24,"column":2}}]},"3":{"loc":{"start":{"line":27,"column":4},"end":{"line":32,"column":5}},"type":"if","locations":[{"start":{"line":27,"column":4},"end":{"line":32,"column":5}},{"start":{"line":27,"column":4},"end":{"line":32,"column":5}}]},"4":{"loc":{"start":{"line":37,"column":6},"end":{"line":52,"column":7}},"type":"if","locations":[{"start":{"line":37,"column":6},"end":{"line":52,"column":7}},{"start":{"line":37,"column":6},"end":{"line":52,"column":7}}]},"5":{"loc":{"start":{"line":63,"column":8},"end":{"line":65,"column":9}},"type":"if","locations":[{"start":{"line":63,"column":8},"end":{"line":65,"column":9}},{"start":{"line":63,"column":8},"end":{"line":65,"column":9}}]},"6":{"loc":{"start":{"line":67,"column":10},"end":{"line":92,"column":11}},"type":"if","locations":[{"start":{"line":67,"column":10},"end":{"line":92,"column":11}},{"start":{"line":67,"column":10},"end":{"line":92,"column":11}}]},"7":{"loc":{"start":{"line":68,"column":12},"end":{"line":91,"column":13}},"type":"if","locations":[{"start":{"line":68,"column":12},"end":{"line":91,"column":13}},{"start":{"line":68,"column":12},"end":{"line":91,"column":13}}]},"8":{"loc":{"start":{"line":78,"column":14},"end":{"line":80,"column":15}},"type":"if","locations":[{"start":{"line":78,"column":14},"end":{"line":80,"column":15}},{"start":{"line":78,"column":14},"end":{"line":80,"column":15}}]},"9":{"loc":{"start":{"line":78,"column":18},"end":{"line":78,"column":24}},"type":"binary-expr","locations":[{"start":{"line":78,"column":18},"end":{"line":78,"column":24}},{"start":{"line":78,"column":28},"end":{"line":78,"column":14}}]},"10":{"loc":{"start":{"line":88,"column":14},"end":{"line":90,"column":15}},"type":"if","locations":[{"start":{"line":88,"column":14},"end":{"line":90,"column":15}},{"start":{"line":88,"column":14},"end":{"line":90,"column":15}}]},"11":{"loc":{"start":{"line":88,"column":18},"end":{"line":88,"column":24}},"type":"binary-expr","locations":[{"start":{"line":88,"column":18},"end":{"line":88,"column":24}},{"start":{"line":88,"column":28},"end":{"line":88,"column":14}}]},"12":{"loc":{"start":{"line":107,"column":6},"end":{"line":120,"column":7}},"type":"if","locations":[{"start":{"line":107,"column":6},"end":{"line":120,"column":7}},{"start":{"line":107,"column":6},"end":{"line":120,"column":7}}]},"13":{"loc":{"start":{"line":108,"column":8},"end":{"line":108,"column":7}},"type":"binary-expr","locations":[{"start":{"line":108,"column":8},"end":{"line":108,"column":7}},{"start":{"line":109,"column":9},"end":{"line":109,"column":8}},{"start":{"line":109,"column":32},"end":{"line":107,"column":6}}]},"14":{"loc":{"start":{"line":130,"column":2},"end":{"line":134,"column":3}},"type":"if","locations":[{"start":{"line":130,"column":2},"end":{"line":134,"column":3}},{"start":{"line":130,"column":2},"end":{"line":134,"column":3}}]}},"s":{"0":0,"1":0,"2":0,"3":0,"4":0,"5":0,"6":0,"7":0,"8":0,"9":0,"10":0,"11":0,"12":0,"13":0,"14":0,"15":0,"16":0,"17":0,"18":0,"19":0,"20":0,"21":0,"22":0,"23":0,"24":0,"25":0,"26":0,"27":0,"28":0,"29":0,"30":0,"31":0,"32":0,"33":0,"34":0,"35":0,"36":0,"37":0},"f":{"0":0,"1":0,"2":0,"3":0,"4":0,"5":0,"6":0,"7":0,"8":0,"9":0,"10":0,"11":0,"12":0,"13":0,"14":0},"b":{"0":[0,0,0],"1":[0,0],"2":[0,0],"3":[0,0],"4":[0,0],"5":[0,0],"6":[0,0],"7":[0,0],"8":[0,0],"9":[0,0],"10":[0,0],"11":[0,0],"12":[0,0],"13":[0,0,0],"14":[0,0]}}
,"/home/jvillalta/Workspace/Projects/trash/my-fav-music-react/src/blocks/AlbumBar/index.jsx": {"path":"/home/jvillalta/Workspace/Projects/trash/my-fav-music-react/src/blocks/AlbumBar/index.jsx","statementMap":{"0":{"start":{"line":7,"column":17},"end":{"line":19,"column":1}},"1":{"start":{"line":8,"column":2},"end":{"line":14,"column":11}}},"fnMap":{"0":{"name":"(anonymous_0)","decl":{"start":{"line":7,"column":24},"end":{"line":7,"column":25}},"loc":{"start":{"line":8,"column":2},"end":{"line":14,"column":11}},"line":8}},"branchMap":{},"s":{"0":1,"1":1},"f":{"0":1},"b":{},"_coverageSchema":"332fd63041d2c1bcb487cc26dd0d5f7d97098a6c","hash":"025233fadd811e28d274cb26661754c534752115"}
,"/home/jvillalta/Workspace/Projects/trash/my-fav-music-react/src/blocks/AlbumCard/Actions.jsx": {"path":"/home/jvillalta/Workspace/Projects/trash/my-fav-music-react/src/blocks/AlbumCard/Actions.jsx","statementMap":{"0":{"start":{"line":6,"column":16},"end":{"line":8,"column":4}},"1":{"start":{"line":7,"column":2},"end":{"line":7,"column":56}}},"fnMap":{"0":{"name":"(anonymous_0)","decl":{"start":{"line":6,"column":23},"end":{"line":6,"column":24}},"loc":{"start":{"line":7,"column":2},"end":{"line":7,"column":56}},"line":7}},"branchMap":{},"s":{"0":3,"1":3},"f":{"0":3},"b":{},"_coverageSchema":"332fd63041d2c1bcb487cc26dd0d5f7d97098a6c","hash":"72199b6218950fe3f5fdd57fb73aeb7a750eb040"}
,"/home/jvillalta/Workspace/Projects/trash/my-fav-music-react/src/blocks/AlbumCard/Content.jsx": {"path":"/home/jvillalta/Workspace/Projects/trash/my-fav-music-react/src/blocks/AlbumCard/Content.jsx","statementMap":{"0":{"start":{"line":4,"column":16},"end":{"line":8,"column":1}}},"fnMap":{},"branchMap":{},"s":{"0":3},"f":{},"b":{},"_coverageSchema":"332fd63041d2c1bcb487cc26dd0d5f7d97098a6c","hash":"d001a2d901d969ae27b8a770e14525922ee65595"}
,"/home/jvillalta/Workspace/Projects/trash/my-fav-music-react/src/blocks/AlbumCard/Details.jsx": {"path":"/home/jvillalta/Workspace/Projects/trash/my-fav-music-react/src/blocks/AlbumCard/Details.jsx","statementMap":{"0":{"start":{"line":3,"column":16},"end":{"line":9,"column":1}}},"fnMap":{},"branchMap":{},"s":{"0":3},"f":{},"b":{},"_coverageSchema":"332fd63041d2c1bcb487cc26dd0d5f7d97098a6c","hash":"cc99a818eacf0f73f695375c5dbbe9b55d300962"}
,"/home/jvillalta/Workspace/Projects/trash/my-fav-music-react/src/blocks/AlbumCard/Media.jsx": {"path":"/home/jvillalta/Workspace/Projects/trash/my-fav-music-react/src/blocks/AlbumCard/Media.jsx","statementMap":{"0":{"start":{"line":4,"column":14},"end":{"line":9,"column":1}}},"fnMap":{},"branchMap":{},"s":{"0":3},"f":{},"b":{},"_coverageSchema":"332fd63041d2c1bcb487cc26dd0d5f7d97098a6c","hash":"a6e9e3883350808ecb915d9237d94102cf84cbb9"}
,"/home/jvillalta/Workspace/Projects/trash/my-fav-music-react/src/blocks/AlbumCard/Subtitle.jsx": {"path":"/home/jvillalta/Workspace/Projects/trash/my-fav-music-react/src/blocks/AlbumCard/Subtitle.jsx","statementMap":{"0":{"start":{"line":6,"column":17},"end":{"line":8,"column":4}},"1":{"start":{"line":7,"column":2},"end":{"line":7,"column":69}}},"fnMap":{"0":{"name":"(anonymous_0)","decl":{"start":{"line":6,"column":24},"end":{"line":6,"column":25}},"loc":{"start":{"line":7,"column":2},"end":{"line":7,"column":69}},"line":7}},"branchMap":{},"s":{"0":3,"1":3},"f":{"0":3},"b":{},"_coverageSchema":"332fd63041d2c1bcb487cc26dd0d5f7d97098a6c","hash":"68cd0e433ff95e2358868664c3aedc11bd90d493"}
,"/home/jvillalta/Workspace/Projects/trash/my-fav-music-react/src/blocks/AlbumCard/Title.jsx": {"path":"/home/jvillalta/Workspace/Projects/trash/my-fav-music-react/src/blocks/AlbumCard/Title.jsx","statementMap":{"0":{"start":{"line":6,"column":14},"end":{"line":8,"column":4}},"1":{"start":{"line":7,"column":2},"end":{"line":7,"column":55}}},"fnMap":{"0":{"name":"(anonymous_0)","decl":{"start":{"line":6,"column":21},"end":{"line":6,"column":22}},"loc":{"start":{"line":7,"column":2},"end":{"line":7,"column":55}},"line":7}},"branchMap":{},"s":{"0":3,"1":3},"f":{"0":3},"b":{},"_coverageSchema":"332fd63041d2c1bcb487cc26dd0d5f7d97098a6c","hash":"825a09a50493e3f7e31e5f2e3f80d4c669da8f4f"}
,"/home/jvillalta/Workspace/Projects/trash/my-fav-music-react/src/blocks/AlbumCard/index.jsx": {"path":"/home/jvillalta/Workspace/Projects/trash/my-fav-music-react/src/blocks/AlbumCard/index.jsx","statementMap":{"0":{"start":{"line":11,"column":18},"end":{"line":16,"column":1}},"1":{"start":{"line":18,"column":0},"end":{"line":18,"column":28}},"2":{"start":{"line":19,"column":0},"end":{"line":19,"column":28}},"3":{"start":{"line":20,"column":0},"end":{"line":20,"column":24}},"4":{"start":{"line":21,"column":0},"end":{"line":21,"column":30}},"5":{"start":{"line":22,"column":0},"end":{"line":22,"column":28}},"6":{"start":{"line":23,"column":0},"end":{"line":23,"column":24}}},"fnMap":{},"branchMap":{},"s":{"0":3,"1":3,"2":3,"3":3,"4":3,"5":3,"6":3},"f":{},"b":{},"_coverageSchema":"332fd63041d2c1bcb487cc26dd0d5f7d97098a6c","hash":"438621af8d640b9650ae3b79330d7069ec752301"}
,"/home/jvillalta/Workspace/Projects/trash/my-fav-music-react/src/blocks/AlbumForm/AddButton.jsx": {"path":"/home/jvillalta/Workspace/Projects/trash/my-fav-music-react/src/blocks/AlbumForm/AddButton.jsx","statementMap":{"0":{"start":{"line":6,"column":18},"end":{"line":15,"column":4}},"1":{"start":{"line":7,"column":2},"end":{"line":14,"column":8}}},"fnMap":{"0":{"name":"(anonymous_0)","decl":{"start":{"line":6,"column":25},"end":{"line":6,"column":26}},"loc":{"start":{"line":7,"column":2},"end":{"line":14,"column":8}},"line":7}},"branchMap":{"0":{"loc":{"start":{"line":11,"column":10},"end":{"line":11,"column":31}},"type":"cond-expr","locations":[{"start":{"line":11,"column":17},"end":{"line":11,"column":21}},{"start":{"line":11,"column":24},"end":{"line":11,"column":31}}],"line":11}},"s":{"0":3,"1":9},"f":{"0":9},"b":{"0":[1,8]},"_coverageSchema":"332fd63041d2c1bcb487cc26dd0d5f7d97098a6c","hash":"6b5f917c03aa172b99e454b09220e2e8174c41f1"}
,"/home/jvillalta/Workspace/Projects/trash/my-fav-music-react/src/blocks/AlbumForm/AlbumInput.jsx": {"path":"/home/jvillalta/Workspace/Projects/trash/my-fav-music-react/src/blocks/AlbumForm/AlbumInput.jsx","statementMap":{"0":{"start":{"line":6,"column":19},"end":{"line":8,"column":4}},"1":{"start":{"line":7,"column":2},"end":{"line":7,"column":66}}},"fnMap":{"0":{"name":"(anonymous_0)","decl":{"start":{"line":6,"column":26},"end":{"line":6,"column":27}},"loc":{"start":{"line":7,"column":2},"end":{"line":7,"column":66}},"line":7}},"branchMap":{},"s":{"0":3,"1":9},"f":{"0":9},"b":{},"_coverageSchema":"332fd63041d2c1bcb487cc26dd0d5f7d97098a6c","hash":"659fdf4c1b1880c2ad7d00fa35bf7bbf8da0f1d0"}
,"/home/jvillalta/Workspace/Projects/trash/my-fav-music-react/src/blocks/AlbumForm/ArtistInput.jsx": {"path":"/home/jvillalta/Workspace/Projects/trash/my-fav-music-react/src/blocks/AlbumForm/ArtistInput.jsx","statementMap":{"0":{"start":{"line":6,"column":20},"end":{"line":8,"column":4}},"1":{"start":{"line":7,"column":2},"end":{"line":7,"column":69}}},"fnMap":{"0":{"name":"(anonymous_0)","decl":{"start":{"line":6,"column":27},"end":{"line":6,"column":28}},"loc":{"start":{"line":7,"column":2},"end":{"line":7,"column":69}},"line":7}},"branchMap":{},"s":{"0":3,"1":9},"f":{"0":9},"b":{},"_coverageSchema":"332fd63041d2c1bcb487cc26dd0d5f7d97098a6c","hash":"bc3857413d220f5805128dd5cb3929bb6cf8dccb"}
,"/home/jvillalta/Workspace/Projects/trash/my-fav-music-react/src/blocks/AlbumForm/Content.jsx": {"path":"/home/jvillalta/Workspace/Projects/trash/my-fav-music-react/src/blocks/AlbumForm/Content.jsx","statementMap":{"0":{"start":{"line":3,"column":16},"end":{"line":14,"column":1}}},"fnMap":{},"branchMap":{},"s":{"0":3},"f":{},"b":{},"_coverageSchema":"332fd63041d2c1bcb487cc26dd0d5f7d97098a6c","hash":"5135181d65e7b16030a1cb25da41065bf42bef2d"}
,"/home/jvillalta/Workspace/Projects/trash/my-fav-music-react/src/blocks/AlbumForm/TextInput.jsx": {"path":"/home/jvillalta/Workspace/Projects/trash/my-fav-music-react/src/blocks/AlbumForm/TextInput.jsx","statementMap":{"0":{"start":{"line":5,"column":18},"end":{"line":9,"column":4}},"1":{"start":{"line":6,"column":2},"end":{"line":8,"column":16}}},"fnMap":{"0":{"name":"(anonymous_0)","decl":{"start":{"line":5,"column":25},"end":{"line":5,"column":26}},"loc":{"start":{"line":6,"column":2},"end":{"line":8,"column":16}},"line":6}},"branchMap":{},"s":{"0":3,"1":19},"f":{"0":19},"b":{},"_coverageSchema":"332fd63041d2c1bcb487cc26dd0d5f7d97098a6c","hash":"1dbdd5bb897861bc43cbff91b9e630e4edd06784"}
,"/home/jvillalta/Workspace/Projects/trash/my-fav-music-react/src/blocks/AlbumForm/index.jsx": {"path":"/home/jvillalta/Workspace/Projects/trash/my-fav-music-react/src/blocks/AlbumForm/index.jsx","statementMap":{"0":{"start":{"line":9,"column":18},"end":{"line":9,"column":31}},"1":{"start":{"line":11,"column":0},"end":{"line":11,"column":28}},"2":{"start":{"line":12,"column":0},"end":{"line":12,"column":32}},"3":{"start":{"line":13,"column":0},"end":{"line":13,"column":36}},"4":{"start":{"line":14,"column":0},"end":{"line":14,"column":34}},"5":{"start":{"line":15,"column":0},"end":{"line":15,"column":32}}},"fnMap":{},"branchMap":{},"s":{"0":3,"1":3,"2":3,"3":3,"4":3,"5":3},"f":{},"b":{},"_coverageSchema":"332fd63041d2c1bcb487cc26dd0d5f7d97098a6c","hash":"ef6d8bdb7ec9ef5064d2ee69017b9b749968f5e6"}
,"/home/jvillalta/Workspace/Projects/trash/my-fav-music-react/src/blocks/AlbumList/index.jsx": {"path":"/home/jvillalta/Workspace/Projects/trash/my-fav-music-react/src/blocks/AlbumList/index.jsx","statementMap":{"0":{"start":{"line":3,"column":18},"end":{"line":14,"column":1}}},"fnMap":{},"branchMap":{},"s":{"0":2},"f":{},"b":{},"_coverageSchema":"332fd63041d2c1bcb487cc26dd0d5f7d97098a6c","hash":"687cd1bda2bcac1af3d4851d6a9dc8672c327786"}
,"/home/jvillalta/Workspace/Projects/trash/my-fav-music-react/src/components/AlbumBuilder.jsx": {"path":"/home/jvillalta/Workspace/Projects/trash/my-fav-music-react/src/components/AlbumBuilder.jsx","statementMap":{"0":{"start":{"line":8,"column":4},"end":{"line":8,"column":17}},"1":{"start":{"line":10,"column":4},"end":{"line":13,"column":6}},"2":{"start":{"line":15,"column":4},"end":{"line":15,"column":71}},"3":{"start":{"line":16,"column":4},"end":{"line":16,"column":61}},"4":{"start":{"line":20,"column":4},"end":{"line":20,"column":55}},"5":{"start":{"line":24,"column":4},"end":{"line":24,"column":23}},"6":{"start":{"line":25,"column":4},"end":{"line":25,"column":76}},"7":{"start":{"line":29,"column":4},"end":{"line":43,"column":6}}},"fnMap":{"0":{"name":"(anonymous_0)","decl":{"start":{"line":7,"column":2},"end":{"line":7,"column":3}},"loc":{"start":{"line":7,"column":21},"end":{"line":17,"column":3}},"line":7},"1":{"name":"(anonymous_1)","decl":{"start":{"line":19,"column":2},"end":{"line":19,"column":3}},"loc":{"start":{"line":19,"column":27},"end":{"line":21,"column":3}},"line":19},"2":{"name":"(anonymous_2)","decl":{"start":{"line":23,"column":2},"end":{"line":23,"column":3}},"loc":{"start":{"line":23,"column":22},"end":{"line":26,"column":3}},"line":23},"3":{"name":"(anonymous_3)","decl":{"start":{"line":28,"column":2},"end":{"line":28,"column":3}},"loc":{"start":{"line":28,"column":11},"end":{"line":44,"column":3}},"line":28}},"branchMap":{},"s":{"0":5,"1":5,"2":5,"3":5,"4":4,"5":1,"6":1,"7":9},"f":{"0":5,"1":4,"2":1,"3":9},"b":{},"_coverageSchema":"332fd63041d2c1bcb487cc26dd0d5f7d97098a6c","hash":"3085e37935e252e06abf16fd76904fc93a725a8b"}
,"/home/jvillalta/Workspace/Projects/trash/my-fav-music-react/src/components/AlbumView.jsx": {"path":"/home/jvillalta/Workspace/Projects/trash/my-fav-music-react/src/components/AlbumView.jsx","statementMap":{"0":{"start":{"line":9,"column":23},"end":{"line":11,"column":10}},"1":{"start":{"line":12,"column":4},"end":{"line":28,"column":6}}},"fnMap":{"0":{"name":"(anonymous_0)","decl":{"start":{"line":8,"column":2},"end":{"line":8,"column":3}},"loc":{"start":{"line":8,"column":11},"end":{"line":29,"column":3}},"line":8}},"branchMap":{"0":{"loc":{"start":{"line":9,"column":23},"end":{"line":11,"column":10}},"type":"cond-expr","locations":[{"start":{"line":10,"column":8},"end":{"line":10,"column":51}},{"start":{"line":11,"column":8},"end":{"line":11,"column":10}}],"line":9}},"s":{"0":7,"1":7},"f":{"0":7},"b":{"0":[6,1]},"_coverageSchema":"332fd63041d2c1bcb487cc26dd0d5f7d97098a6c","hash":"5ca7348ccc408eab2a4dc3756a3668ade4ea1150"}
,"/home/jvillalta/Workspace/Projects/trash/my-fav-music-react/src/containers/AlbumCreator.jsx": {"path":"/home/jvillalta/Workspace/Projects/trash/my-fav-music-react/src/containers/AlbumCreator.jsx","statementMap":{"0":{"start":{"line":8,"column":4},"end":{"line":8,"column":17}},"1":{"start":{"line":10,"column":4},"end":{"line":10,"column":53}},"2":{"start":{"line":14,"column":4},"end":{"line":14,"column":37}},"3":{"start":{"line":18,"column":4},"end":{"line":18,"column":57}}},"fnMap":{"0":{"name":"(anonymous_0)","decl":{"start":{"line":7,"column":2},"end":{"line":7,"column":3}},"loc":{"start":{"line":7,"column":21},"end":{"line":11,"column":3}},"line":7},"1":{"name":"(anonymous_1)","decl":{"start":{"line":13,"column":2},"end":{"line":13,"column":3}},"loc":{"start":{"line":13,"column":22},"end":{"line":15,"column":3}},"line":13},"2":{"name":"(anonymous_2)","decl":{"start":{"line":17,"column":2},"end":{"line":17,"column":3}},"loc":{"start":{"line":17,"column":11},"end":{"line":19,"column":3}},"line":17}},"branchMap":{},"s":{"0":2,"1":2,"2":1,"3":2},"f":{"0":2,"1":1,"2":2},"b":{},"_coverageSchema":"332fd63041d2c1bcb487cc26dd0d5f7d97098a6c","hash":"1467abe0fc92a2a6a469204b3a601c9875443dfd"}
,"/home/jvillalta/Workspace/Projects/trash/my-fav-music-react/src/containers/AlbumGroup.jsx": {"path":"/home/jvillalta/Workspace/Projects/trash/my-fav-music-react/src/containers/AlbumGroup.jsx","statementMap":{"0":{"start":{"line":9,"column":4},"end":{"line":15,"column":6}},"1":{"start":{"line":12,"column":10},"end":{"line":12,"column":52}}},"fnMap":{"0":{"name":"(anonymous_0)","decl":{"start":{"line":8,"column":2},"end":{"line":8,"column":3}},"loc":{"start":{"line":8,"column":11},"end":{"line":16,"column":3}},"line":8},"1":{"name":"(anonymous_1)","decl":{"start":{"line":11,"column":48},"end":{"line":11,"column":49}},"loc":{"start":{"line":12,"column":10},"end":{"line":12,"column":52}},"line":12}},"branchMap":{},"s":{"0":5,"1":3},"f":{"0":5,"1":3},"b":{},"_coverageSchema":"332fd63041d2c1bcb487cc26dd0d5f7d97098a6c","hash":"aaead2f1f5db0c511a63a8e3d5c3b83b6c480f4f"}
,"/home/jvillalta/Workspace/Projects/trash/my-fav-music-react/src/containers/AlbumOrder.jsx": {"path":"/home/jvillalta/Workspace/Projects/trash/my-fav-music-react/src/containers/AlbumOrder.jsx","statementMap":{"0":{"start":{"line":1,"column":0},"end":{"line":null,"column":-1}},"1":{"start":{"line":2,"column":0},"end":{"line":null,"column":-1}},"2":{"start":{"line":3,"column":0},"end":{"line":null,"column":-1}},"3":{"start":{"line":4,"column":0},"end":{"line":null,"column":-1}},"4":{"start":{"line":6,"column":0},"end":{"line":null,"column":-1}},"5":{"start":{"line":8,"column":18},"end":{"line":8,"column":0}},"6":{"start":{"line":23,"column":4},"end":{"line":null,"column":-1}},"7":{"start":{"line":24,"column":4},"end":{"line":null,"column":-1}},"8":{"start":{"line":28,"column":4},"end":{"line":null,"column":-1}},"9":{"start":{"line":32,"column":26},"end":{"line":31,"column":11}},"10":{"start":{"line":34,"column":4},"end":{"line":null,"column":-1}}},"fnMap":{"0":{"name":"(anonymous_0)","decl":{"start":{"line":22,"column":2},"end":{"line":22,"column":12}},"loc":{"start":{"line":22,"column":21},"end":{"line":25,"column":3}}},"1":{"name":"(anonymous_1)","decl":{"start":{"line":27,"column":2},"end":{"line":27,"column":13}},"loc":{"start":{"line":27,"column":18},"end":{"line":29,"column":3}}},"2":{"name":"(anonymous_2)","decl":{"start":{"line":31,"column":2},"end":{"line":31,"column":7}},"loc":{"start":{"line":31,"column":11},"end":{"line":52,"column":3}}}},"branchMap":{},"s":{"0":0,"1":0,"2":0,"3":0,"4":0,"5":0,"6":0,"7":0,"8":0,"9":0,"10":0},"f":{"0":0,"1":0,"2":0},"b":{}}
,"/home/jvillalta/Workspace/Projects/trash/my-fav-music-react/src/models/AlbumModel.js": {"path":"/home/jvillalta/Workspace/Projects/trash/my-fav-music-react/src/models/AlbumModel.js","statementMap":{"0":{"start":{"line":3,"column":4},"end":{"line":3,"column":38}},"1":{"start":{"line":4,"column":4},"end":{"line":4,"column":25}},"2":{"start":{"line":5,"column":4},"end":{"line":5,"column":21}},"3":{"start":{"line":6,"column":4},"end":{"line":6,"column":31}},"4":{"start":{"line":11,"column":4},"end":{"line":11,"column":25}}},"fnMap":{"0":{"name":"(anonymous_0)","decl":{"start":{"line":2,"column":2},"end":{"line":2,"column":3}},"loc":{"start":{"line":2,"column":52},"end":{"line":7,"column":3}},"line":2},"1":{"name":"(anonymous_1)","decl":{"start":{"line":10,"column":2},"end":{"line":10,"column":3}},"loc":{"start":{"line":10,"column":22},"end":{"line":12,"column":3}},"line":10}},"branchMap":{"0":{"loc":{"start":{"line":2,"column":28},"end":{"line":2,"column":50}},"type":"default-arg","locations":[{"start":{"line":2,"column":40},"end":{"line":2,"column":50}}],"line":2}},"s":{"0":14,"1":14,"2":14,"3":14,"4":14},"f":{"0":14,"1":14},"b":{"0":[10]},"_coverageSchema":"332fd63041d2c1bcb487cc26dd0d5f7d97098a6c","hash":"aee4b2160d67d59a572dfac94e389267ae7cc9f0"}
,"/home/jvillalta/Workspace/Projects/trash/my-fav-music-react/src/models/AlbumOrderModel.js": {"path":"/home/jvillalta/Workspace/Projects/trash/my-fav-music-react/src/models/AlbumOrderModel.js","statementMap":{"0":{"start":{"line":1,"column":24},"end":{"line":5,"column":1}}},"fnMap":{},"branchMap":{},"s":{"0":3},"f":{},"b":{},"_coverageSchema":"332fd63041d2c1bcb487cc26dd0d5f7d97098a6c","hash":"aaf7b69181d6946a009be5b2050cb274da8ff95c"}
,"/home/jvillalta/Workspace/Projects/trash/my-fav-music-react/src/stores/AlbumStore.js": {"path":"/home/jvillalta/Workspace/Projects/trash/my-fav-music-react/src/stores/AlbumStore.js","statementMap":{"0":{"start":{"line":10,"column":4},"end":{"line":18,"column":7}},"1":{"start":{"line":11,"column":20},"end":{"line":11,"column":34}},"2":{"start":{"line":13,"column":6},"end":{"line":15,"column":7}},"3":{"start":{"line":14,"column":8},"end":{"line":14,"column":55}},"4":{"start":{"line":17,"column":6},"end":{"line":17,"column":46}},"5":{"start":{"line":22,"column":4},"end":{"line":22,"column":28}},"6":{"start":{"line":26,"column":21},"end":{"line":26,"column":75}},"7":{"start":{"line":26,"column":54},"end":{"line":26,"column":74}},"8":{"start":{"line":27,"column":4},"end":{"line":29,"column":5}},"9":{"start":{"line":28,"column":6},"end":{"line":28,"column":37}},"10":{"start":{"line":33,"column":4},"end":{"line":33,"column":70}},"11":{"start":{"line":33,"column":48},"end":{"line":33,"column":68}},"12":{"start":{"line":38,"column":4},"end":{"line":38,"column":25}},"13":{"start":{"line":42,"column":0},"end":{"line":49,"column":3}}},"fnMap":{"0":{"name":"(anonymous_0)","decl":{"start":{"line":9,"column":2},"end":{"line":9,"column":3}},"loc":{"start":{"line":9,"column":21},"end":{"line":19,"column":3}},"line":9},"1":{"name":"(anonymous_1)","decl":{"start":{"line":10,"column":36},"end":{"line":10,"column":37}},"loc":{"start":{"line":10,"column":46},"end":{"line":18,"column":5}},"line":10},"2":{"name":"(anonymous_2)","decl":{"start":{"line":21,"column":2},"end":{"line":21,"column":3}},"loc":{"start":{"line":21,"column":13},"end":{"line":23,"column":3}},"line":21},"3":{"name":"(anonymous_3)","decl":{"start":{"line":25,"column":2},"end":{"line":25,"column":3}},"loc":{"start":{"line":25,"column":18},"end":{"line":30,"column":3}},"line":25},"4":{"name":"(anonymous_4)","decl":{"start":{"line":26,"column":43},"end":{"line":26,"column":44}},"loc":{"start":{"line":26,"column":54},"end":{"line":26,"column":74}},"line":26},"5":{"name":"(anonymous_5)","decl":{"start":{"line":32,"column":2},"end":{"line":32,"column":3}},"loc":{"start":{"line":32,"column":20},"end":{"line":34,"column":3}},"line":32},"6":{"name":"(anonymous_6)","decl":{"start":{"line":33,"column":37},"end":{"line":33,"column":38}},"loc":{"start":{"line":33,"column":48},"end":{"line":33,"column":68}},"line":33},"7":{"name":"(anonymous_7)","decl":{"start":{"line":37,"column":2},"end":{"line":37,"column":3}},"loc":{"start":{"line":37,"column":22},"end":{"line":39,"column":3}},"line":37}},"branchMap":{"0":{"loc":{"start":{"line":13,"column":6},"end":{"line":15,"column":7}},"type":"if","locations":[{"start":{"line":13,"column":6},"end":{"line":15,"column":7}},{"start":{"line":13,"column":6},"end":{"line":15,"column":7}}],"line":13},"1":{"loc":{"start":{"line":27,"column":4},"end":{"line":29,"column":5}},"type":"if","locations":[{"start":{"line":27,"column":4},"end":{"line":29,"column":5}},{"start":{"line":27,"column":4},"end":{"line":29,"column":5}}],"line":27}},"s":{"0":5,"1":2,"2":2,"3":1,"4":1,"5":10,"6":2,"7":2,"8":2,"9":1,"10":1,"11":0,"12":0,"13":3},"f":{"0":5,"1":2,"2":10,"3":2,"4":2,"5":1,"6":0,"7":0},"b":{"0":[1,1],"1":[1,1]},"_coverageSchema":"332fd63041d2c1bcb487cc26dd0d5f7d97098a6c","hash":"77143ec81ed12aa81cd8d63a6ce5d4f58748d04b"}
}
