TN:
SF:/home/jvillalta/Workspace/Projects/trash/my-fav-music-react/src/App.jsx
FN:46,(anonymous_0)
FNF:1
FNH:0
FNDA:0,(anonymous_0)
DA:1,0
DA:2,0
DA:3,0
DA:4,0
DA:6,0
DA:7,0
DA:8,0
DA:9,0
DA:10,0
DA:14,0
DA:20,0
DA:33,0
DA:43,0
DA:47,0
LF:14
LH:0
BRF:0
BRH:0
end_of_record
TN:
SF:/home/jvillalta/Workspace/Projects/trash/my-fav-music-react/src/createServiceWorker.js
FN:11,register
FN:13,(anonymous_1)
FN:17,(anonymous_2)
FN:19,(anonymous_3)
FN:21,(anonymous_4)
FN:39,(anonymous_5)
FN:46,unregister
FN:48,(anonymous_7)
FNF:8
FNH:0
FNDA:0,register
FNDA:0,(anonymous_1)
FNDA:0,(anonymous_2)
FNDA:0,(anonymous_3)
FNDA:0,(anonymous_4)
FNDA:0,(anonymous_5)
FNDA:0,unregister
FNDA:0,(anonymous_7)
DA:12,0
DA:13,0
DA:14,0
DA:15,0
DA:19,0
DA:20,0
DA:21,0
DA:22,0
DA:23,0
DA:28,0
DA:33,0
DA:40,0
DA:47,0
DA:48,0
DA:49,0
LF:15
LH:0
BRDA:12,0,0,0
BRDA:12,0,1,0
BRDA:12,1,0,0
BRDA:12,1,1,0
BRDA:22,2,0,0
BRDA:22,2,1,0
BRDA:23,3,0,0
BRDA:23,3,1,0
BRDA:47,4,0,0
BRDA:47,4,1,0
BRF:10
BRH:0
end_of_record
TN:
SF:/home/jvillalta/Workspace/Projects/trash/my-fav-music-react/src/index.js
FNF:0
FNH:0
DA:1,0
DA:2,0
DA:4,0
DA:5,0
DA:12,0
LF:5
LH:0
BRF:0
BRH:0
end_of_record
TN:
SF:/home/jvillalta/Workspace/Projects/trash/my-fav-music-react/src/serviceWorker.js
FN:23,register
FN:34,(anonymous_1)
FN:43,(anonymous_2)
FN:57,registerValidSW
FN:60,(anonymous_4)
FN:61,(anonymous_5)
FN:66,(anonymous_6)
FN:96,(anonymous_7)
FN:101,checkValidServiceWorker
FN:104,(anonymous_9)
FN:112,(anonymous_10)
FN:113,(anonymous_11)
FN:122,(anonymous_12)
FN:129,unregister
FN:131,(anonymous_14)
FNF:15
FNH:0
FNDA:0,register
FNDA:0,(anonymous_1)
FNDA:0,(anonymous_2)
FNDA:0,registerValidSW
FNDA:0,(anonymous_4)
FNDA:0,(anonymous_5)
FNDA:0,(anonymous_6)
FNDA:0,(anonymous_7)
FNDA:0,checkValidServiceWorker
FNDA:0,(anonymous_9)
FNDA:0,(anonymous_10)
FNDA:0,(anonymous_11)
FNDA:0,(anonymous_12)
FNDA:0,unregister
FNDA:0,(anonymous_14)
DA:13,0
DA:24,0
DA:26,0
DA:27,0
DA:31,0
DA:34,0
DA:35,0
DA:37,0
DA:39,0
DA:43,0
DA:44,0
DA:51,0
DA:58,0
DA:61,0
DA:62,0
DA:63,0
DA:64,0
DA:66,0
DA:67,0
DA:68,0
DA:72,0
DA:78,0
DA:79,0
DA:85,0
DA:88,0
DA:89,0
DA:97,0
DA:103,0
DA:106,0
DA:107,0
DA:112,0
DA:113,0
DA:114,0
DA:119,0
DA:123,0
DA:130,0
DA:131,0
DA:132,0
LF:38
LH:0
BRDA:14,0,0,0
BRDA:14,0,1,0
BRDA:14,0,2,0
BRDA:24,1,0,0
BRDA:24,1,1,0
BRDA:24,2,0,0
BRDA:24,2,1,0
BRDA:27,3,0,0
BRDA:27,3,1,0
BRDA:37,4,0,0
BRDA:37,4,1,0
BRDA:63,5,0,0
BRDA:63,5,1,0
BRDA:67,6,0,0
BRDA:67,6,1,0
BRDA:68,7,0,0
BRDA:68,7,1,0
BRDA:78,8,0,0
BRDA:78,8,1,0
BRDA:78,9,0,0
BRDA:78,9,1,0
BRDA:88,10,0,0
BRDA:88,10,1,0
BRDA:88,11,0,0
BRDA:88,11,1,0
BRDA:107,12,0,0
BRDA:107,12,1,0
BRDA:108,13,0,0
BRDA:108,13,1,0
BRDA:108,13,2,0
BRDA:130,14,0,0
BRDA:130,14,1,0
BRF:32
BRH:0
end_of_record
TN:
SF:/home/jvillalta/Workspace/Projects/trash/my-fav-music-react/src/blocks/AlbumBar/index.jsx
FN:7,(anonymous_0)
FNF:1
FNH:1
FNDA:1,(anonymous_0)
DA:7,1
DA:8,1
LF:2
LH:2
BRF:0
BRH:0
end_of_record
TN:
SF:/home/jvillalta/Workspace/Projects/trash/my-fav-music-react/src/blocks/AlbumCard/Actions.jsx
FN:6,(anonymous_0)
FNF:1
FNH:1
FNDA:3,(anonymous_0)
DA:6,3
DA:7,3
LF:2
LH:2
BRF:0
BRH:0
end_of_record
TN:
SF:/home/jvillalta/Workspace/Projects/trash/my-fav-music-react/src/blocks/AlbumCard/Content.jsx
FNF:0
FNH:0
DA:4,3
LF:1
LH:1
BRF:0
BRH:0
end_of_record
TN:
SF:/home/jvillalta/Workspace/Projects/trash/my-fav-music-react/src/blocks/AlbumCard/Details.jsx
FNF:0
FNH:0
DA:3,3
LF:1
LH:1
BRF:0
BRH:0
end_of_record
TN:
SF:/home/jvillalta/Workspace/Projects/trash/my-fav-music-react/src/blocks/AlbumCard/Media.jsx
FNF:0
FNH:0
DA:4,3
LF:1
LH:1
BRF:0
BRH:0
end_of_record
TN:
SF:/home/jvillalta/Workspace/Projects/trash/my-fav-music-react/src/blocks/AlbumCard/Subtitle.jsx
FN:6,(anonymous_0)
FNF:1
FNH:1
FNDA:3,(anonymous_0)
DA:6,3
DA:7,3
LF:2
LH:2
BRF:0
BRH:0
end_of_record
TN:
SF:/home/jvillalta/Workspace/Projects/trash/my-fav-music-react/src/blocks/AlbumCard/Title.jsx
FN:6,(anonymous_0)
FNF:1
FNH:1
FNDA:3,(anonymous_0)
DA:6,3
DA:7,3
LF:2
LH:2
BRF:0
BRH:0
end_of_record
TN:
SF:/home/jvillalta/Workspace/Projects/trash/my-fav-music-react/src/blocks/AlbumCard/index.jsx
FNF:0
FNH:0
DA:11,3
DA:18,3
DA:19,3
DA:20,3
DA:21,3
DA:22,3
DA:23,3
LF:7
LH:7
BRF:0
BRH:0
end_of_record
TN:
SF:/home/jvillalta/Workspace/Projects/trash/my-fav-music-react/src/blocks/AlbumForm/AddButton.jsx
FN:6,(anonymous_0)
FNF:1
FNH:1
FNDA:9,(anonymous_0)
DA:6,3
DA:7,9
LF:2
LH:2
BRDA:11,0,0,1
BRDA:11,0,1,8
BRF:2
BRH:2
end_of_record
TN:
SF:/home/jvillalta/Workspace/Projects/trash/my-fav-music-react/src/blocks/AlbumForm/AlbumInput.jsx
FN:6,(anonymous_0)
FNF:1
FNH:1
FNDA:9,(anonymous_0)
DA:6,3
DA:7,9
LF:2
LH:2
BRF:0
BRH:0
end_of_record
TN:
SF:/home/jvillalta/Workspace/Projects/trash/my-fav-music-react/src/blocks/AlbumForm/ArtistInput.jsx
FN:6,(anonymous_0)
FNF:1
FNH:1
FNDA:9,(anonymous_0)
DA:6,3
DA:7,9
LF:2
LH:2
BRF:0
BRH:0
end_of_record
TN:
SF:/home/jvillalta/Workspace/Projects/trash/my-fav-music-react/src/blocks/AlbumForm/Content.jsx
FNF:0
FNH:0
DA:3,3
LF:1
LH:1
BRF:0
BRH:0
end_of_record
TN:
SF:/home/jvillalta/Workspace/Projects/trash/my-fav-music-react/src/blocks/AlbumForm/TextInput.jsx
FN:5,(anonymous_0)
FNF:1
FNH:1
FNDA:19,(anonymous_0)
DA:5,3
DA:6,19
LF:2
LH:2
BRF:0
BRH:0
end_of_record
TN:
SF:/home/jvillalta/Workspace/Projects/trash/my-fav-music-react/src/blocks/AlbumForm/index.jsx
FNF:0
FNH:0
DA:9,3
DA:11,3
DA:12,3
DA:13,3
DA:14,3
DA:15,3
LF:6
LH:6
BRF:0
BRH:0
end_of_record
TN:
SF:/home/jvillalta/Workspace/Projects/trash/my-fav-music-react/src/blocks/AlbumList/index.jsx
FNF:0
FNH:0
DA:3,2
LF:1
LH:1
BRF:0
BRH:0
end_of_record
TN:
SF:/home/jvillalta/Workspace/Projects/trash/my-fav-music-react/src/components/AlbumBuilder.jsx
FN:7,(anonymous_0)
FN:19,(anonymous_1)
FN:23,(anonymous_2)
FN:28,(anonymous_3)
FNF:4
FNH:4
FNDA:5,(anonymous_0)
FNDA:4,(anonymous_1)
FNDA:1,(anonymous_2)
FNDA:9,(anonymous_3)
DA:8,5
DA:10,5
DA:15,5
DA:16,5
DA:20,4
DA:24,1
DA:25,1
DA:29,9
LF:8
LH:8
BRF:0
BRH:0
end_of_record
TN:
SF:/home/jvillalta/Workspace/Projects/trash/my-fav-music-react/src/components/AlbumView.jsx
FN:8,(anonymous_0)
FNF:1
FNH:1
FNDA:7,(anonymous_0)
DA:9,7
DA:12,7
LF:2
LH:2
BRDA:9,0,0,6
BRDA:9,0,1,1
BRF:2
BRH:2
end_of_record
TN:
SF:/home/jvillalta/Workspace/Projects/trash/my-fav-music-react/src/containers/AlbumCreator.jsx
FN:7,(anonymous_0)
FN:13,(anonymous_1)
FN:17,(anonymous_2)
FNF:3
FNH:3
FNDA:2,(anonymous_0)
FNDA:1,(anonymous_1)
FNDA:2,(anonymous_2)
DA:8,2
DA:10,2
DA:14,1
DA:18,2
LF:4
LH:4
BRF:0
BRH:0
end_of_record
TN:
SF:/home/jvillalta/Workspace/Projects/trash/my-fav-music-react/src/containers/AlbumGroup.jsx
FN:8,(anonymous_0)
FN:11,(anonymous_1)
FNF:2
FNH:2
FNDA:5,(anonymous_0)
FNDA:3,(anonymous_1)
DA:9,5
DA:12,3
LF:2
LH:2
BRF:0
BRH:0
end_of_record
TN:
SF:/home/jvillalta/Workspace/Projects/trash/my-fav-music-react/src/containers/AlbumOrder.jsx
FN:22,(anonymous_0)
FN:27,(anonymous_1)
FN:31,(anonymous_2)
FNF:3
FNH:0
FNDA:0,(anonymous_0)
FNDA:0,(anonymous_1)
FNDA:0,(anonymous_2)
DA:1,0
DA:2,0
DA:3,0
DA:4,0
DA:6,0
DA:8,0
DA:23,0
DA:24,0
DA:28,0
DA:32,0
DA:34,0
LF:11
LH:0
BRF:0
BRH:0
end_of_record
TN:
SF:/home/jvillalta/Workspace/Projects/trash/my-fav-music-react/src/models/AlbumModel.js
FN:2,(anonymous_0)
FN:10,(anonymous_1)
FNF:2
FNH:2
FNDA:14,(anonymous_0)
FNDA:14,(anonymous_1)
DA:3,14
DA:4,14
DA:5,14
DA:6,14
DA:11,14
LF:5
LH:5
BRDA:2,0,0,10
BRF:1
BRH:1
end_of_record
TN:
SF:/home/jvillalta/Workspace/Projects/trash/my-fav-music-react/src/models/AlbumOrderModel.js
FNF:0
FNH:0
DA:1,3
LF:1
LH:1
BRF:0
BRH:0
end_of_record
TN:
SF:/home/jvillalta/Workspace/Projects/trash/my-fav-music-react/src/stores/AlbumStore.js
FN:9,(anonymous_0)
FN:10,(anonymous_1)
FN:21,(anonymous_2)
FN:25,(anonymous_3)
FN:26,(anonymous_4)
FN:32,(anonymous_5)
FN:33,(anonymous_6)
FN:37,(anonymous_7)
FNF:8
FNH:6
FNDA:5,(anonymous_0)
FNDA:2,(anonymous_1)
FNDA:10,(anonymous_2)
FNDA:2,(anonymous_3)
FNDA:2,(anonymous_4)
FNDA:1,(anonymous_5)
FNDA:0,(anonymous_6)
FNDA:0,(anonymous_7)
DA:10,5
DA:11,2
DA:13,2
DA:14,1
DA:17,1
DA:22,10
DA:26,2
DA:27,2
DA:28,1
DA:33,1
DA:38,0
DA:42,3
LF:12
LH:11
BRDA:13,0,0,1
BRDA:13,0,1,1
BRDA:27,1,0,1
BRDA:27,1,1,1
BRF:4
BRH:4
end_of_record
